objc[60900]: Class AXEmojiUtilities is implemented in both /Applications/Xcode.app/Contents/Developer/Platforms/iPhoneSimulator.platform/Developer/SDKs/iPhoneSimulator7.1.sdk/System/Library/PrivateFrameworks/AccessibilityUtilities.framework/AccessibilityUtilities and /Applications/Xcode.app/Contents/Developer/Platforms/iPhoneSimulator.platform/Developer/SDKs/iPhoneSimulator7.1.sdk/usr/lib/libAXSpeechManager.dylib. One of the two will be used. Which one is undefined.
2014-06-25 10:46:41.635 Vibe[60900:70b] Cannot find executable for CFBundle 0xa46b4e0 </Applications/Xcode.app/Contents/Developer/Platforms/iPhoneSimulator.platform/Developer/SDKs/iPhoneSimulator7.1.sdk/System/Library/AccessibilityBundles/CertUIFramework.axbundle> (not loaded)
2014-06-25 10:46:41.645 Vibe[60900:70b] Cannot find executable for CFBundle 0xa525460 </Applications/Xcode.app/Contents/Developer/Platforms/iPhoneSimulator.platform/Developer/SDKs/iPhoneSimulator7.1.sdk/System/Library/AccessibilityBundles/GeoServices.axbundle> (not loaded)
2014-06-25 10:46:41.705 Vibe[60900:70b] Multi-tasking -> Device: YES, App: YES
2014-06-25 10:46:41.742 Vibe[60900:70b] Unlimited access to network resources
2014-06-25 10:46:42.274 Vibe[60900:70b] Resetting plugins due to page load.
2014-06-25 10:46:42.583 Vibe[60900:70b] Finished load of: file:///Users/ztratar/Library/Application%20Support/iPhone%20Simulator/7.1/Applications/948EB854-8EBF-456E-A7C2-B64C06BB6955/Vibe.app/www/index.html
2014-06-25 10:47:10.658 Vibe[60900:70b] Resetting plugins due to page load.
2014-06-25 10:47:10.804 Vibe[60900:70b] Finished load of: file:///Users/ztratar/Library/Application%20Support/iPhone%20Simulator/7.1/Applications/948EB854-8EBF-456E-A7C2-B64C06BB6955/Vibe.app/www/index.html
objc[61689]: Class AXEmojiUtilities is implemented in both /Applications/Xcode.app/Contents/Developer/Platforms/iPhoneSimulator.platform/Developer/SDKs/iPhoneSimulator7.1.sdk/System/Library/PrivateFrameworks/AccessibilityUtilities.framework/AccessibilityUtilities and /Applications/Xcode.app/Contents/Developer/Platforms/iPhoneSimulator.platform/Developer/SDKs/iPhoneSimulator7.1.sdk/usr/lib/libAXSpeechManager.dylib. One of the two will be used. Which one is undefined.
2014-06-25 10:51:54.163 Vibe[61689:70b] Cannot find executable for CFBundle 0xa2a2e40 </Applications/Xcode.app/Contents/Developer/Platforms/iPhoneSimulator.platform/Developer/SDKs/iPhoneSimulator7.1.sdk/System/Library/AccessibilityBundles/GeoServices.axbundle> (not loaded)
2014-06-25 10:51:54.183 Vibe[61689:70b] Cannot find executable for CFBundle 0xa4ba180 </Applications/Xcode.app/Contents/Developer/Platforms/iPhoneSimulator.platform/Developer/SDKs/iPhoneSimulator7.1.sdk/System/Library/AccessibilityBundles/CertUIFramework.axbundle> (not loaded)
2014-06-25 10:51:54.319 Vibe[61689:70b] Multi-tasking -> Device: YES, App: YES
2014-06-25 10:51:54.377 Vibe[61689:70b] Unlimited access to network resources
2014-06-25 10:51:55.006 Vibe[61689:70b] Resetting plugins due to page load.
2014-06-25 10:51:55.397 Vibe[61689:70b] Finished load of: file:///Users/ztratar/Library/Application%20Support/iPhone%20Simulator/7.1/Applications/948EB854-8EBF-456E-A7C2-B64C06BB6955/Vibe.app/www/index.html
objc[62028]: Class AXEmojiUtilities is implemented in both /Applications/Xcode.app/Contents/Developer/Platforms/iPhoneSimulator.platform/Developer/SDKs/iPhoneSimulator7.1.sdk/System/Library/PrivateFrameworks/AccessibilityUtilities.framework/AccessibilityUtilities and /Applications/Xcode.app/Contents/Developer/Platforms/iPhoneSimulator.platform/Developer/SDKs/iPhoneSimulator7.1.sdk/usr/lib/libAXSpeechManager.dylib. One of the two will be used. Which one is undefined.
2014-06-25 10:52:57.688 Vibe[62028:70b] Cannot find executable for CFBundle 0xa251690 </Applications/Xcode.app/Contents/Developer/Platforms/iPhoneSimulator.platform/Developer/SDKs/iPhoneSimulator7.1.sdk/System/Library/AccessibilityBundles/CertUIFramework.axbundle> (not loaded)
2014-06-25 10:52:57.697 Vibe[62028:70b] Cannot find executable for CFBundle 0xa27a640 </Applications/Xcode.app/Contents/Developer/Platforms/iPhoneSimulator.platform/Developer/SDKs/iPhoneSimulator7.1.sdk/System/Library/AccessibilityBundles/GeoServices.axbundle> (not loaded)
2014-06-25 10:52:57.861 Vibe[62028:70b] Multi-tasking -> Device: YES, App: YES
2014-06-25 10:52:57.900 Vibe[62028:70b] Unlimited access to network resources
2014-06-25 10:52:58.467 Vibe[62028:70b] Resetting plugins due to page load.
2014-06-25 10:52:58.751 Vibe[62028:70b] Finished load of: file:///Users/ztratar/Library/Application%20Support/iPhone%20Simulator/7.1/Applications/948EB854-8EBF-456E-A7C2-B64C06BB6955/Vibe.app/www/index.html
2014-06-25 10:53:16.225 Vibe[62028:70b] Resetting plugins due to page load.
2014-06-25 10:53:16.352 Vibe[62028:70b] Finished load of: file:///Users/ztratar/Library/Application%20Support/iPhone%20Simulator/7.1/Applications/948EB854-8EBF-456E-A7C2-B64C06BB6955/Vibe.app/www/index.html
objc[62754]: Class AXEmojiUtilities is implemented in both /Applications/Xcode.app/Contents/Developer/Platforms/iPhoneSimulator.platform/Developer/SDKs/iPhoneSimulator7.1.sdk/System/Library/PrivateFrameworks/AccessibilityUtilities.framework/AccessibilityUtilities and /Applications/Xcode.app/Contents/Developer/Platforms/iPhoneSimulator.platform/Developer/SDKs/iPhoneSimulator7.1.sdk/usr/lib/libAXSpeechManager.dylib. One of the two will be used. Which one is undefined.
2014-06-25 10:56:11.103 Vibe[62754:70b] Cannot find executable for CFBundle 0xa4aa7f0 </Applications/Xcode.app/Contents/Developer/Platforms/iPhoneSimulator.platform/Developer/SDKs/iPhoneSimulator7.1.sdk/System/Library/AccessibilityBundles/CertUIFramework.axbundle> (not loaded)
2014-06-25 10:56:11.114 Vibe[62754:70b] Cannot find executable for CFBundle 0xa4ba3d0 </Applications/Xcode.app/Contents/Developer/Platforms/iPhoneSimulator.platform/Developer/SDKs/iPhoneSimulator7.1.sdk/System/Library/AccessibilityBundles/GeoServices.axbundle> (not loaded)
2014-06-25 10:56:11.175 Vibe[62754:70b] Multi-tasking -> Device: YES, App: YES
2014-06-25 10:56:11.210 Vibe[62754:70b] Unlimited access to network resources
2014-06-25 10:56:12.023 Vibe[62754:70b] Resetting plugins due to page load.
2014-06-25 10:56:12.271 Vibe[62754:70b] Finished load of: file:///Users/ztratar/Library/Application%20Support/iPhone%20Simulator/7.1/Applications/948EB854-8EBF-456E-A7C2-B64C06BB6955/Vibe.app/www/index.html
2014-06-25 10:56:23.757 Vibe[62754:70b] Resetting plugins due to page load.
2014-06-25 10:56:23.901 Vibe[62754:70b] Finished load of: file:///Users/ztratar/Library/Application%20Support/iPhone%20Simulator/7.1/Applications/948EB854-8EBF-456E-A7C2-B64C06BB6955/Vibe.app/www/index.html
objc[63403]: Class AXEmojiUtilities is implemented in both /Applications/Xcode.app/Contents/Developer/Platforms/iPhoneSimulator.platform/Developer/SDKs/iPhoneSimulator7.1.sdk/System/Library/PrivateFrameworks/AccessibilityUtilities.framework/AccessibilityUtilities and /Applications/Xcode.app/Contents/Developer/Platforms/iPhoneSimulator.platform/Developer/SDKs/iPhoneSimulator7.1.sdk/usr/lib/libAXSpeechManager.dylib. One of the two will be used. Which one is undefined.
2014-06-25 10:58:17.318 Vibe[63403:70b] Cannot find executable for CFBundle 0xa3904e0 </Applications/Xcode.app/Contents/Developer/Platforms/iPhoneSimulator.platform/Developer/SDKs/iPhoneSimulator7.1.sdk/System/Library/AccessibilityBundles/GeoServices.axbundle> (not loaded)
2014-06-25 10:58:17.337 Vibe[63403:70b] Cannot find executable for CFBundle 0xa2913f0 </Applications/Xcode.app/Contents/Developer/Platforms/iPhoneSimulator.platform/Developer/SDKs/iPhoneSimulator7.1.sdk/System/Library/AccessibilityBundles/CertUIFramework.axbundle> (not loaded)
2014-06-25 10:58:17.411 Vibe[63403:70b] Multi-tasking -> Device: YES, App: YES
2014-06-25 10:58:17.515 Vibe[63403:70b] Unlimited access to network resources
2014-06-25 10:58:18.148 Vibe[63403:70b] Resetting plugins due to page load.
2014-06-25 10:58:18.543 Vibe[63403:70b] Finished load of: file:///Users/ztratar/Library/Application%20Support/iPhone%20Simulator/7.1/Applications/948EB854-8EBF-456E-A7C2-B64C06BB6955/Vibe.app/www/index.html
2014-06-25 10:58:18.569 Vibe[63403:70b] Resetting plugins due to page load.
2014-06-25 10:58:23.574 Vibe[63403:70b] Finished load of: http://www.getvibe.org/login
objc[64882]: Class AXEmojiUtilities is implemented in both /Applications/Xcode.app/Contents/Developer/Platforms/iPhoneSimulator.platform/Developer/SDKs/iPhoneSimulator7.1.sdk/System/Library/PrivateFrameworks/AccessibilityUtilities.framework/AccessibilityUtilities and /Applications/Xcode.app/Contents/Developer/Platforms/iPhoneSimulator.platform/Developer/SDKs/iPhoneSimulator7.1.sdk/usr/lib/libAXSpeechManager.dylib. One of the two will be used. Which one is undefined.
2014-06-25 11:14:53.415 Vibe[64882:70b] Cannot find executable for CFBundle 0xa47f200 </Applications/Xcode.app/Contents/Developer/Platforms/iPhoneSimulator.platform/Developer/SDKs/iPhoneSimulator7.1.sdk/System/Library/AccessibilityBundles/GeoServices.axbundle> (not loaded)
2014-06-25 11:14:53.521 Vibe[64882:70b] Cannot find executable for CFBundle 0xa3ab7e0 </Applications/Xcode.app/Contents/Developer/Platforms/iPhoneSimulator.platform/Developer/SDKs/iPhoneSimulator7.1.sdk/System/Library/AccessibilityBundles/CertUIFramework.axbundle> (not loaded)
2014-06-25 11:14:53.932 Vibe[64882:70b] Multi-tasking -> Device: YES, App: YES
2014-06-25 11:14:54.007 Vibe[64882:70b] Unlimited access to network resources
2014-06-25 11:14:54.931 Vibe[64882:70b] Resetting plugins due to page load.
2014-06-25 11:14:55.254 Vibe[64882:70b] Finished load of: file:///Users/ztratar/Library/Application%20Support/iPhone%20Simulator/7.1/Applications/948EB854-8EBF-456E-A7C2-B64C06BB6955/Vibe.app/www/index.html
2014-06-25 11:15:12.509 Vibe[64882:70b] Resetting plugins due to page load.
2014-06-25 11:15:12.708 Vibe[64882:70b] Finished load of: file:///Users/ztratar/Library/Application%20Support/iPhone%20Simulator/7.1/Applications/948EB854-8EBF-456E-A7C2-B64C06BB6955/Vibe.app/www/index.html
objc[65504]: Class AXEmojiUtilities is implemented in both /Applications/Xcode.app/Contents/Developer/Platforms/iPhoneSimulator.platform/Developer/SDKs/iPhoneSimulator7.1.sdk/System/Library/PrivateFrameworks/AccessibilityUtilities.framework/AccessibilityUtilities and /Applications/Xcode.app/Contents/Developer/Platforms/iPhoneSimulator.platform/Developer/SDKs/iPhoneSimulator7.1.sdk/usr/lib/libAXSpeechManager.dylib. One of the two will be used. Which one is undefined.
2014-06-25 11:16:29.331 Vibe[65504:70b] Cannot find executable for CFBundle 0xa274630 </Applications/Xcode.app/Contents/Developer/Platforms/iPhoneSimulator.platform/Developer/SDKs/iPhoneSimulator7.1.sdk/System/Library/AccessibilityBundles/CertUIFramework.axbundle> (not loaded)
2014-06-25 11:16:29.340 Vibe[65504:70b] Cannot find executable for CFBundle 0xa291460 </Applications/Xcode.app/Contents/Developer/Platforms/iPhoneSimulator.platform/Developer/SDKs/iPhoneSimulator7.1.sdk/System/Library/AccessibilityBundles/GeoServices.axbundle> (not loaded)
2014-06-25 11:16:29.430 Vibe[65504:70b] Multi-tasking -> Device: YES, App: YES
2014-06-25 11:16:29.475 Vibe[65504:70b] Unlimited access to network resources
2014-06-25 11:16:30.334 Vibe[65504:70b] Resetting plugins due to page load.
2014-06-25 11:16:30.777 Vibe[65504:70b] Finished load of: file:///Users/ztratar/Library/Application%20Support/iPhone%20Simulator/7.1/Applications/948EB854-8EBF-456E-A7C2-B64C06BB6955/Vibe.app/www/index.html
2014-06-25 11:27:07.110 Vibe[65504:70b] Resetting plugins due to page load.
2014-06-25 11:27:07.429 Vibe[65504:70b] Finished load of: file:///Users/ztratar/Library/Application%20Support/iPhone%20Simulator/7.1/Applications/948EB854-8EBF-456E-A7C2-B64C06BB6955/Vibe.app/www/index.html
objc[66908]: Class AXEmojiUtilities is implemented in both /Applications/Xcode.app/Contents/Developer/Platforms/iPhoneSimulator.platform/Developer/SDKs/iPhoneSimulator7.1.sdk/System/Library/PrivateFrameworks/AccessibilityUtilities.framework/AccessibilityUtilities and /Applications/Xcode.app/Contents/Developer/Platforms/iPhoneSimulator.platform/Developer/SDKs/iPhoneSimulator7.1.sdk/usr/lib/libAXSpeechManager.dylib. One of the two will be used. Which one is undefined.
2014-06-25 11:28:50.592 Vibe[66908:70b] Cannot find executable for CFBundle 0xa228270 </Applications/Xcode.app/Contents/Developer/Platforms/iPhoneSimulator.platform/Developer/SDKs/iPhoneSimulator7.1.sdk/System/Library/AccessibilityBundles/GeoServices.axbundle> (not loaded)
2014-06-25 11:28:50.606 Vibe[66908:70b] Cannot find executable for CFBundle 0xa2596f0 </Applications/Xcode.app/Contents/Developer/Platforms/iPhoneSimulator.platform/Developer/SDKs/iPhoneSimulator7.1.sdk/System/Library/AccessibilityBundles/CertUIFramework.axbundle> (not loaded)
2014-06-25 11:28:50.649 Vibe[66908:70b] Multi-tasking -> Device: YES, App: YES
2014-06-25 11:28:50.694 Vibe[66908:70b] Unlimited access to network resources
2014-06-25 11:28:50.952 Vibe[66908:70b] Resetting plugins due to page load.
2014-06-25 11:28:51.214 Vibe[66908:70b] Finished load of: file:///Users/ztratar/Library/Application%20Support/iPhone%20Simulator/7.1/Applications/948EB854-8EBF-456E-A7C2-B64C06BB6955/Vibe.app/www/index.html
2014-06-25 11:29:04.341 Vibe[66908:70b] Resetting plugins due to page load.
2014-06-25 11:29:04.419 Vibe[66908:70b] Finished load of: file:///Users/ztratar/Library/Application%20Support/iPhone%20Simulator/7.1/Applications/948EB854-8EBF-456E-A7C2-B64C06BB6955/Vibe.app/www/index.html
objc[67539]: Class AXEmojiUtilities is implemented in both /Applications/Xcode.app/Contents/Developer/Platforms/iPhoneSimulator.platform/Developer/SDKs/iPhoneSimulator7.1.sdk/System/Library/PrivateFrameworks/AccessibilityUtilities.framework/AccessibilityUtilities and /Applications/Xcode.app/Contents/Developer/Platforms/iPhoneSimulator.platform/Developer/SDKs/iPhoneSimulator7.1.sdk/usr/lib/libAXSpeechManager.dylib. One of the two will be used. Which one is undefined.
2014-06-25 11:30:26.455 Vibe[67539:70b] Cannot find executable for CFBundle 0xa35c080 </Applications/Xcode.app/Contents/Developer/Platforms/iPhoneSimulator.platform/Developer/SDKs/iPhoneSimulator7.1.sdk/System/Library/AccessibilityBundles/CertUIFramework.axbundle> (not loaded)
2014-06-25 11:30:26.464 Vibe[67539:70b] Cannot find executable for CFBundle 0xa3763e0 </Applications/Xcode.app/Contents/Developer/Platforms/iPhoneSimulator.platform/Developer/SDKs/iPhoneSimulator7.1.sdk/System/Library/AccessibilityBundles/GeoServices.axbundle> (not loaded)
2014-06-25 11:30:26.503 Vibe[67539:70b] Multi-tasking -> Device: YES, App: YES
2014-06-25 11:30:26.513 Vibe[67539:70b] Unlimited access to network resources
2014-06-25 11:30:26.712 Vibe[67539:70b] Resetting plugins due to page load.
2014-06-25 11:30:26.912 Vibe[67539:70b] Finished load of: file:///Users/ztratar/Library/Application%20Support/iPhone%20Simulator/7.1/Applications/948EB854-8EBF-456E-A7C2-B64C06BB6955/Vibe.app/www/index.html
2014-06-25 11:30:33.330 Vibe[67539:70b] Resetting plugins due to page load.
2014-06-25 11:30:33.437 Vibe[67539:70b] Finished load of: file:///Users/ztratar/Library/Application%20Support/iPhone%20Simulator/7.1/Applications/948EB854-8EBF-456E-A7C2-B64C06BB6955/Vibe.app/www/index.html
objc[68970]: Class AXEmojiUtilities is implemented in both /Applications/Xcode.app/Contents/Developer/Platforms/iPhoneSimulator.platform/Developer/SDKs/iPhoneSimulator7.1.sdk/System/Library/PrivateFrameworks/AccessibilityUtilities.framework/AccessibilityUtilities and /Applications/Xcode.app/Contents/Developer/Platforms/iPhoneSimulator.platform/Developer/SDKs/iPhoneSimulator7.1.sdk/usr/lib/libAXSpeechManager.dylib. One of the two will be used. Which one is undefined.
2014-06-25 11:45:41.973 Vibe[68970:70b] Cannot find executable for CFBundle 0xa3662e0 </Applications/Xcode.app/Contents/Developer/Platforms/iPhoneSimulator.platform/Developer/SDKs/iPhoneSimulator7.1.sdk/System/Library/AccessibilityBundles/GeoServices.axbundle> (not loaded)
2014-06-25 11:45:41.985 Vibe[68970:70b] Cannot find executable for CFBundle 0xa384c50 </Applications/Xcode.app/Contents/Developer/Platforms/iPhoneSimulator.platform/Developer/SDKs/iPhoneSimulator7.1.sdk/System/Library/AccessibilityBundles/CertUIFramework.axbundle> (not loaded)
2014-06-25 11:45:42.150 Vibe[68970:70b] Multi-tasking -> Device: YES, App: YES
2014-06-25 11:45:42.201 Vibe[68970:70b] Unlimited access to network resources
2014-06-25 11:45:43.166 Vibe[68970:70b] Resetting plugins due to page load.
2014-06-25 11:45:43.547 Vibe[68970:70b] Finished load of: file:///Users/ztratar/Library/Application%20Support/iPhone%20Simulator/7.1/Applications/948EB854-8EBF-456E-A7C2-B64C06BB6955/Vibe.app/www/index.html
2014-06-25 11:45:50.340 Vibe[68970:70b] Resetting plugins due to page load.
2014-06-25 11:45:50.501 Vibe[68970:70b] Finished load of: file:///Users/ztratar/Library/Application%20Support/iPhone%20Simulator/7.1/Applications/948EB854-8EBF-456E-A7C2-B64C06BB6955/Vibe.app/www/index.html
objc[69785]: Class AXEmojiUtilities is implemented in both /Applications/Xcode.app/Contents/Developer/Platforms/iPhoneSimulator.platform/Developer/SDKs/iPhoneSimulator7.1.sdk/System/Library/PrivateFrameworks/AccessibilityUtilities.framework/AccessibilityUtilities and /Applications/Xcode.app/Contents/Developer/Platforms/iPhoneSimulator.platform/Developer/SDKs/iPhoneSimulator7.1.sdk/usr/lib/libAXSpeechManager.dylib. One of the two will be used. Which one is undefined.
2014-06-25 11:46:30.702 Vibe[69785:70b] Cannot find executable for CFBundle 0xa584a70 </Applications/Xcode.app/Contents/Developer/Platforms/iPhoneSimulator.platform/Developer/SDKs/iPhoneSimulator7.1.sdk/System/Library/AccessibilityBundles/CertUIFramework.axbundle> (not loaded)
2014-06-25 11:46:30.710 Vibe[69785:70b] Cannot find executable for CFBundle 0xa59dd10 </Applications/Xcode.app/Contents/Developer/Platforms/iPhoneSimulator.platform/Developer/SDKs/iPhoneSimulator7.1.sdk/System/Library/AccessibilityBundles/GeoServices.axbundle> (not loaded)
2014-06-25 11:46:30.769 Vibe[69785:70b] Multi-tasking -> Device: YES, App: YES
2014-06-25 11:46:30.780 Vibe[69785:70b] Unlimited access to network resources
2014-06-25 11:46:31.049 Vibe[69785:70b] Resetting plugins due to page load.
2014-06-25 11:46:31.352 Vibe[69785:70b] Finished load of: file:///Users/ztratar/Library/Application%20Support/iPhone%20Simulator/7.1/Applications/948EB854-8EBF-456E-A7C2-B64C06BB6955/Vibe.app/www/index.html
Terminating in response to SpringBoard's termination.
objc[70390]: Class AXEmojiUtilities is implemented in both /Applications/Xcode.app/Contents/Developer/Platforms/iPhoneSimulator.platform/Developer/SDKs/iPhoneSimulator7.1.sdk/System/Library/PrivateFrameworks/AccessibilityUtilities.framework/AccessibilityUtilities and /Applications/Xcode.app/Contents/Developer/Platforms/iPhoneSimulator.platform/Developer/SDKs/iPhoneSimulator7.1.sdk/usr/lib/libAXSpeechManager.dylib. One of the two will be used. Which one is undefined.
2014-06-25 11:47:54.034 Vibe[70390:70b] Cannot find executable for CFBundle 0xa2a76d0 </Applications/Xcode.app/Contents/Developer/Platforms/iPhoneSimulator.platform/Developer/SDKs/iPhoneSimulator7.1.sdk/System/Library/AccessibilityBundles/GeoServices.axbundle> (not loaded)
2014-06-25 11:47:54.049 Vibe[70390:70b] Cannot find executable for CFBundle 0xa493fc0 </Applications/Xcode.app/Contents/Developer/Platforms/iPhoneSimulator.platform/Developer/SDKs/iPhoneSimulator7.1.sdk/System/Library/AccessibilityBundles/CertUIFramework.axbundle> (not loaded)
2014-06-25 11:47:54.118 Vibe[70390:70b] Multi-tasking -> Device: YES, App: YES
2014-06-25 11:47:54.130 Vibe[70390:70b] Unlimited access to network resources
2014-06-25 11:47:54.541 Vibe[70390:70b] Resetting plugins due to page load.
2014-06-25 11:47:54.821 Vibe[70390:70b] Finished load of: file:///Users/ztratar/Library/Application%20Support/iPhone%20Simulator/7.1/Applications/948EB854-8EBF-456E-A7C2-B64C06BB6955/Vibe.app/www/index.html
objc[70953]: Class AXEmojiUtilities is implemented in both /Applications/Xcode.app/Contents/Developer/Platforms/iPhoneSimulator.platform/Developer/SDKs/iPhoneSimulator7.1.sdk/System/Library/PrivateFrameworks/AccessibilityUtilities.framework/AccessibilityUtilities and /Applications/Xcode.app/Contents/Developer/Platforms/iPhoneSimulator.platform/Developer/SDKs/iPhoneSimulator7.1.sdk/usr/lib/libAXSpeechManager.dylib. One of the two will be used. Which one is undefined.
2014-06-25 11:48:11.773 Vibe[70953:70b] Cannot find executable for CFBundle 0xa3bd280 </Applications/Xcode.app/Contents/Developer/Platforms/iPhoneSimulator.platform/Developer/SDKs/iPhoneSimulator7.1.sdk/System/Library/AccessibilityBundles/GeoServices.axbundle> (not loaded)
2014-06-25 11:48:11.783 Vibe[70953:70b] Cannot find executable for CFBundle 0xa3db2e0 </Applications/Xcode.app/Contents/Developer/Platforms/iPhoneSimulator.platform/Developer/SDKs/iPhoneSimulator7.1.sdk/System/Library/AccessibilityBundles/CertUIFramework.axbundle> (not loaded)
2014-06-25 11:48:11.821 Vibe[70953:70b] Multi-tasking -> Device: YES, App: YES
2014-06-25 11:48:11.829 Vibe[70953:70b] Unlimited access to network resources
2014-06-25 11:48:12.068 Vibe[70953:70b] Resetting plugins due to page load.
2014-06-25 11:48:12.253 Vibe[70953:70b] Finished load of: file:///Users/ztratar/Library/Application%20Support/iPhone%20Simulator/7.1/Applications/948EB854-8EBF-456E-A7C2-B64C06BB6955/Vibe.app/www/index.html
objc[71580]: Class AXEmojiUtilities is implemented in both /Applications/Xcode.app/Contents/Developer/Platforms/iPhoneSimulator.platform/Developer/SDKs/iPhoneSimulator7.1.sdk/System/Library/PrivateFrameworks/AccessibilityUtilities.framework/AccessibilityUtilities and /Applications/Xcode.app/Contents/Developer/Platforms/iPhoneSimulator.platform/Developer/SDKs/iPhoneSimulator7.1.sdk/usr/lib/libAXSpeechManager.dylib. One of the two will be used. Which one is undefined.
2014-06-25 11:49:46.035 Vibe[71580:70b] Cannot find executable for CFBundle 0xa33fe00 </Applications/Xcode.app/Contents/Developer/Platforms/iPhoneSimulator.platform/Developer/SDKs/iPhoneSimulator7.1.sdk/System/Library/AccessibilityBundles/GeoServices.axbundle> (not loaded)
2014-06-25 11:49:46.061 Vibe[71580:70b] Cannot find executable for CFBundle 0xa2560d0 </Applications/Xcode.app/Contents/Developer/Platforms/iPhoneSimulator.platform/Developer/SDKs/iPhoneSimulator7.1.sdk/System/Library/AccessibilityBundles/CertUIFramework.axbundle> (not loaded)
2014-06-25 11:49:46.104 Vibe[71580:70b] Multi-tasking -> Device: YES, App: YES
2014-06-25 11:49:46.146 Vibe[71580:70b] Unlimited access to network resources
2014-06-25 11:49:46.937 Vibe[71580:70b] Resetting plugins due to page load.
2014-06-25 11:49:47.181 Vibe[71580:70b] Finished load of: file:///Users/ztratar/Library/Application%20Support/iPhone%20Simulator/7.1/Applications/948EB854-8EBF-456E-A7C2-B64C06BB6955/Vibe.app/www/index.html
2014-06-25 11:49:56.533 Vibe[71580:70b] Resetting plugins due to page load.
2014-06-25 11:49:56.616 Vibe[71580:70b] Finished load of: file:///Users/ztratar/Library/Application%20Support/iPhone%20Simulator/7.1/Applications/948EB854-8EBF-456E-A7C2-B64C06BB6955/Vibe.app/www/index.html
objc[72631]: Class AXEmojiUtilities is implemented in both /Applications/Xcode.app/Contents/Developer/Platforms/iPhoneSimulator.platform/Developer/SDKs/iPhoneSimulator7.1.sdk/System/Library/PrivateFrameworks/AccessibilityUtilities.framework/AccessibilityUtilities and /Applications/Xcode.app/Contents/Developer/Platforms/iPhoneSimulator.platform/Developer/SDKs/iPhoneSimulator7.1.sdk/usr/lib/libAXSpeechManager.dylib. One of the two will be used. Which one is undefined.
2014-06-25 11:54:53.699 Vibe[72631:70b] Cannot find executable for CFBundle 0xa483bb0 </Applications/Xcode.app/Contents/Developer/Platforms/iPhoneSimulator.platform/Developer/SDKs/iPhoneSimulator7.1.sdk/System/Library/AccessibilityBundles/GeoServices.axbundle> (not loaded)
2014-06-25 11:54:53.709 Vibe[72631:70b] Cannot find executable for CFBundle 0xa49e150 </Applications/Xcode.app/Contents/Developer/Platforms/iPhoneSimulator.platform/Developer/SDKs/iPhoneSimulator7.1.sdk/System/Library/AccessibilityBundles/CertUIFramework.axbundle> (not loaded)
2014-06-25 11:54:53.748 Vibe[72631:70b] Multi-tasking -> Device: YES, App: YES
2014-06-25 11:54:53.758 Vibe[72631:70b] Unlimited access to network resources
2014-06-25 11:54:53.981 Vibe[72631:70b] Resetting plugins due to page load.
2014-06-25 11:54:54.245 Vibe[72631:70b] Finished load of: file:///Users/ztratar/Library/Application%20Support/iPhone%20Simulator/7.1/Applications/948EB854-8EBF-456E-A7C2-B64C06BB6955/Vibe.app/www/index.html
objc[73262]: Class AXEmojiUtilities is implemented in both /Applications/Xcode.app/Contents/Developer/Platforms/iPhoneSimulator.platform/Developer/SDKs/iPhoneSimulator7.1.sdk/System/Library/PrivateFrameworks/AccessibilityUtilities.framework/AccessibilityUtilities and /Applications/Xcode.app/Contents/Developer/Platforms/iPhoneSimulator.platform/Developer/SDKs/iPhoneSimulator7.1.sdk/usr/lib/libAXSpeechManager.dylib. One of the two will be used. Which one is undefined.
2014-06-25 11:56:39.532 Vibe[73262:70b] Cannot find executable for CFBundle 0xa293f10 </Applications/Xcode.app/Contents/Developer/Platforms/iPhoneSimulator.platform/Developer/SDKs/iPhoneSimulator7.1.sdk/System/Library/AccessibilityBundles/GeoServices.axbundle> (not loaded)
2014-06-25 11:56:39.542 Vibe[73262:70b] Cannot find executable for CFBundle 0xa2af090 </Applications/Xcode.app/Contents/Developer/Platforms/iPhoneSimulator.platform/Developer/SDKs/iPhoneSimulator7.1.sdk/System/Library/AccessibilityBundles/CertUIFramework.axbundle> (not loaded)
2014-06-25 11:56:39.591 Vibe[73262:70b] Multi-tasking -> Device: YES, App: YES
2014-06-25 11:56:39.601 Vibe[73262:70b] Unlimited access to network resources
2014-06-25 11:56:39.851 Vibe[73262:70b] Resetting plugins due to page load.
2014-06-25 11:56:40.067 Vibe[73262:70b] Finished load of: file:///Users/ztratar/Library/Application%20Support/iPhone%20Simulator/7.1/Applications/948EB854-8EBF-456E-A7C2-B64C06BB6955/Vibe.app/www/index.html
2014-06-25 11:58:11.931 Vibe[73262:70b] Resetting plugins due to page load.
2014-06-25 11:58:12.055 Vibe[73262:70b] Finished load of: file:///Users/ztratar/Library/Application%20Support/iPhone%20Simulator/7.1/Applications/948EB854-8EBF-456E-A7C2-B64C06BB6955/Vibe.app/www/index.html
objc[74694]: Class AXEmojiUtilities is implemented in both /Applications/Xcode.app/Contents/Developer/Platforms/iPhoneSimulator.platform/Developer/SDKs/iPhoneSimulator7.1.sdk/System/Library/PrivateFrameworks/AccessibilityUtilities.framework/AccessibilityUtilities and /Applications/Xcode.app/Contents/Developer/Platforms/iPhoneSimulator.platform/Developer/SDKs/iPhoneSimulator7.1.sdk/usr/lib/libAXSpeechManager.dylib. One of the two will be used. Which one is undefined.
2014-06-25 12:13:48.190 Vibe[74694:70b] Cannot find executable for CFBundle 0xa3790f0 </Applications/Xcode.app/Contents/Developer/Platforms/iPhoneSimulator.platform/Developer/SDKs/iPhoneSimulator7.1.sdk/System/Library/AccessibilityBundles/CertUIFramework.axbundle> (not loaded)
2014-06-25 12:13:48.200 Vibe[74694:70b] Cannot find executable for CFBundle 0xa391040 </Applications/Xcode.app/Contents/Developer/Platforms/iPhoneSimulator.platform/Developer/SDKs/iPhoneSimulator7.1.sdk/System/Library/AccessibilityBundles/GeoServices.axbundle> (not loaded)
2014-06-25 12:13:48.260 Vibe[74694:70b] Multi-tasking -> Device: YES, App: YES
2014-06-25 12:13:48.332 Vibe[74694:70b] Unlimited access to network resources
2014-06-25 12:13:49.867 Vibe[74694:70b] Resetting plugins due to page load.
2014-06-25 12:13:50.366 Vibe[74694:70b] Finished load of: file:///Users/ztratar/Library/Application%20Support/iPhone%20Simulator/7.1/Applications/948EB854-8EBF-456E-A7C2-B64C06BB6955/Vibe.app/www/index.html
2014-06-25 12:14:43.638 Vibe[74694:70b] Resetting plugins due to page load.
2014-06-25 12:14:43.826 Vibe[74694:70b] Finished load of: file:///Users/ztratar/Library/Application%20Support/iPhone%20Simulator/7.1/Applications/948EB854-8EBF-456E-A7C2-B64C06BB6955/Vibe.app/www/index.html
